Analysis & Synthesis report for MIPS
Mon Jun 12 21:52:06 2017
Quartus Prime Version 17.0.0 Build 595 04/25/2017 SJ Lite Edition


---------------------
; Table of Contents ;
---------------------
  1. Legal Notice
  2. Analysis & Synthesis Summary
  3. Analysis & Synthesis Settings
  4. Analysis & Synthesis Default Parameter Settings
  5. Parallel Compilation
  6. Analysis & Synthesis Source Files Read
  7. Analysis & Synthesis Resource Usage Summary
  8. Analysis & Synthesis Resource Utilization by Entity
  9. Registers Removed During Synthesis
 10. General Register Statistics
 11. Multiplexer Restructuring Statistics (Restructuring Performed)
 12. Parameter Settings for User Entity Instance: Top-level Entity: |mips
 13. Parameter Settings for User Entity Instance: controller:cont
 14. Parameter Settings for User Entity Instance: controller:cont|maindec:md
 15. Parameter Settings for User Entity Instance: controller:cont|aludec:ad
 16. Parameter Settings for User Entity Instance: datapath:dp
 17. Parameter Settings for User Entity Instance: datapath:dp|flopr:pcreg
 18. Parameter Settings for User Entity Instance: datapath:dp|adder:pcadd1
 19. Parameter Settings for User Entity Instance: datapath:dp|sl2:immsh
 20. Parameter Settings for User Entity Instance: datapath:dp|adder:pcadd2
 21. Parameter Settings for User Entity Instance: datapath:dp|mux2:pcbrmux
 22. Parameter Settings for User Entity Instance: datapath:dp|mux2:pcmux
 23. Parameter Settings for User Entity Instance: datapath:dp|regfile:rf
 24. Parameter Settings for User Entity Instance: datapath:dp|mux2:wrmux
 25. Parameter Settings for User Entity Instance: datapath:dp|mux2:resmux
 26. Parameter Settings for User Entity Instance: datapath:dp|signext:se
 27. Parameter Settings for User Entity Instance: datapath:dp|mux2:srcbmux
 28. Parameter Settings for User Entity Instance: datapath:dp|alu:mainalu
 29. Port Connectivity Checks: "datapath:dp|mux2:pcmux"
 30. Port Connectivity Checks: "datapath:dp|adder:pcadd1"
 31. Post-Synthesis Netlist Statistics for Top Partition
 32. Elapsed Time Per Partition
 33. Analysis & Synthesis Messages



----------------
; Legal Notice ;
----------------
Copyright (C) 2017  Intel Corporation. All rights reserved.
Your use of Intel Corporation's design tools, logic functions 
and other software and tools, and its AMPP partner logic 
functions, and any output files from any of the foregoing 
(including device programming or simulation files), and any 
associated documentation or information are expressly subject 
to the terms and conditions of the Intel Program License 
Subscription Agreement, the Intel Quartus Prime License Agreement,
the Intel MegaCore Function License Agreement, or other 
applicable license agreement, including, without limitation, 
that your use is for the sole purpose of programming logic 
devices manufactured by Intel and sold by Intel or its 
authorized distributors.  Please refer to the applicable 
agreement for further details.



+-------------------------------------------------------------------------------+
; Analysis & Synthesis Summary                                                  ;
+---------------------------------+---------------------------------------------+
; Analysis & Synthesis Status     ; Successful - Mon Jun 12 21:52:06 2017       ;
; Quartus Prime Version           ; 17.0.0 Build 595 04/25/2017 SJ Lite Edition ;
; Revision Name                   ; MIPS                                        ;
; Top-level Entity Name           ; mips                                        ;
; Family                          ; Cyclone V                                   ;
; Logic utilization (in ALMs)     ; N/A                                         ;
; Total registers                 ; 1054                                        ;
; Total pins                      ; 163                                         ;
; Total virtual pins              ; 0                                           ;
; Total block memory bits         ; 0                                           ;
; Total DSP Blocks                ; 0                                           ;
; Total HSSI RX PCSs              ; 0                                           ;
; Total HSSI PMA RX Deserializers ; 0                                           ;
; Total HSSI TX PCSs              ; 0                                           ;
; Total HSSI PMA TX Serializers   ; 0                                           ;
; Total PLLs                      ; 0                                           ;
; Total DLLs                      ; 0                                           ;
+---------------------------------+---------------------------------------------+


+---------------------------------------------------------------------------------------------------------------------------+
; Analysis & Synthesis Settings                                                                                             ;
+---------------------------------------------------------------------------------+--------------------+--------------------+
; Option                                                                          ; Setting            ; Default Value      ;
+---------------------------------------------------------------------------------+--------------------+--------------------+
; Device                                                                          ; 5CGXFC7C7F23C8     ;                    ;
; Top-level entity name                                                           ; mips               ; MIPS               ;
; Family name                                                                     ; Cyclone V          ; Cyclone V          ;
; Use smart compilation                                                           ; Off                ; Off                ;
; Enable parallel Assembler and TimeQuest Timing Analyzer during compilation      ; On                 ; On                 ;
; Enable compact report table                                                     ; Off                ; Off                ;
; Restructure Multiplexers                                                        ; Auto               ; Auto               ;
; MLAB Add Timing Constraints For Mixed-Port Feed-Through Mode Setting Don't Care ; Off                ; Off                ;
; Create Debugging Nodes for IP Cores                                             ; Off                ; Off                ;
; Preserve fewer node names                                                       ; On                 ; On                 ;
; OpenCore Plus hardware evaluation                                               ; Enable             ; Enable             ;
; Verilog Version                                                                 ; Verilog_2001       ; Verilog_2001       ;
; VHDL Version                                                                    ; VHDL_1993          ; VHDL_1993          ;
; State Machine Processing                                                        ; Auto               ; Auto               ;
; Safe State Machine                                                              ; Off                ; Off                ;
; Extract Verilog State Machines                                                  ; On                 ; On                 ;
; Extract VHDL State Machines                                                     ; On                 ; On                 ;
; Ignore Verilog initial constructs                                               ; Off                ; Off                ;
; Iteration limit for constant Verilog loops                                      ; 5000               ; 5000               ;
; Iteration limit for non-constant Verilog loops                                  ; 250                ; 250                ;
; Add Pass-Through Logic to Inferred RAMs                                         ; On                 ; On                 ;
; Infer RAMs from Raw Logic                                                       ; On                 ; On                 ;
; Parallel Synthesis                                                              ; On                 ; On                 ;
; DSP Block Balancing                                                             ; Auto               ; Auto               ;
; NOT Gate Push-Back                                                              ; On                 ; On                 ;
; Power-Up Don't Care                                                             ; On                 ; On                 ;
; Remove Redundant Logic Cells                                                    ; Off                ; Off                ;
; Remove Duplicate Registers                                                      ; On                 ; On                 ;
; Ignore CARRY Buffers                                                            ; Off                ; Off                ;
; Ignore CASCADE Buffers                                                          ; Off                ; Off                ;
; Ignore GLOBAL Buffers                                                           ; Off                ; Off                ;
; Ignore ROW GLOBAL Buffers                                                       ; Off                ; Off                ;
; Ignore LCELL Buffers                                                            ; Off                ; Off                ;
; Ignore SOFT Buffers                                                             ; On                 ; On                 ;
; Limit AHDL Integers to 32 Bits                                                  ; Off                ; Off                ;
; Optimization Technique                                                          ; Balanced           ; Balanced           ;
; Carry Chain Length                                                              ; 70                 ; 70                 ;
; Auto Carry Chains                                                               ; On                 ; On                 ;
; Auto Open-Drain Pins                                                            ; On                 ; On                 ;
; Perform WYSIWYG Primitive Resynthesis                                           ; Off                ; Off                ;
; Auto ROM Replacement                                                            ; On                 ; On                 ;
; Auto RAM Replacement                                                            ; On                 ; On                 ;
; Auto DSP Block Replacement                                                      ; On                 ; On                 ;
; Auto Shift Register Replacement                                                 ; Auto               ; Auto               ;
; Allow Shift Register Merging across Hierarchies                                 ; Auto               ; Auto               ;
; Auto Clock Enable Replacement                                                   ; On                 ; On                 ;
; Strict RAM Replacement                                                          ; Off                ; Off                ;
; Allow Synchronous Control Signals                                               ; On                 ; On                 ;
; Force Use of Synchronous Clear Signals                                          ; Off                ; Off                ;
; Auto Resource Sharing                                                           ; Off                ; Off                ;
; Allow Any RAM Size For Recognition                                              ; Off                ; Off                ;
; Allow Any ROM Size For Recognition                                              ; Off                ; Off                ;
; Allow Any Shift Register Size For Recognition                                   ; Off                ; Off                ;
; Use LogicLock Constraints during Resource Balancing                             ; On                 ; On                 ;
; Ignore translate_off and synthesis_off directives                               ; Off                ; Off                ;
; Timing-Driven Synthesis                                                         ; On                 ; On                 ;
; Report Parameter Settings                                                       ; On                 ; On                 ;
; Report Source Assignments                                                       ; On                 ; On                 ;
; Report Connectivity Checks                                                      ; On                 ; On                 ;
; Ignore Maximum Fan-Out Assignments                                              ; Off                ; Off                ;
; Synchronization Register Chain Length                                           ; 3                  ; 3                  ;
; PowerPlay Power Optimization During Synthesis                                   ; Normal compilation ; Normal compilation ;
; HDL message level                                                               ; Level2             ; Level2             ;
; Suppress Register Optimization Related Messages                                 ; Off                ; Off                ;
; Number of Removed Registers Reported in Synthesis Report                        ; 5000               ; 5000               ;
; Number of Swept Nodes Reported in Synthesis Report                              ; 5000               ; 5000               ;
; Number of Inverted Registers Reported in Synthesis Report                       ; 100                ; 100                ;
; Clock MUX Protection                                                            ; On                 ; On                 ;
; Auto Gated Clock Conversion                                                     ; Off                ; Off                ;
; Block Design Naming                                                             ; Auto               ; Auto               ;
; SDC constraint protection                                                       ; Off                ; Off                ;
; Synthesis Effort                                                                ; Auto               ; Auto               ;
; Shift Register Replacement - Allow Asynchronous Clear Signal                    ; On                 ; On                 ;
; Pre-Mapping Resynthesis Optimization                                            ; Off                ; Off                ;
; Analysis & Synthesis Message Level                                              ; Medium             ; Medium             ;
; Disable Register Merging Across Hierarchies                                     ; Auto               ; Auto               ;
; Resource Aware Inference For Block RAM                                          ; On                 ; On                 ;
; Automatic Parallel Synthesis                                                    ; On                 ; On                 ;
; Partial Reconfiguration Bitstream ID                                            ; Off                ; Off                ;
+---------------------------------------------------------------------------------+--------------------+--------------------+


+-------------------------------------------------+
; Analysis & Synthesis Default Parameter Settings ;
+------+------------------------------------------+
; Name ; Setting                                  ;
+------+------------------------------------------+
;      ; 16                                       ;
;      ; 3                                        ;
;      ; 2                                        ;
;      ; 32                                       ;
;      ; 9                                        ;
;      ; 6                                        ;
;      ; 5                                        ;
+------+------------------------------------------+


+------------------------------------------+
; Parallel Compilation                     ;
+----------------------------+-------------+
; Processors                 ; Number      ;
+----------------------------+-------------+
; Number detected on machine ; 4           ;
; Maximum allowed            ; 2           ;
;                            ;             ;
; Average used               ; 1.00        ;
; Maximum used               ; 2           ;
;                            ;             ;
; Usage by Processor         ; % Time Used ;
;     Processor 1            ; 100.0%      ;
;     Processor 2            ;   0.0%      ;
+----------------------------+-------------+


+-----------------------------------------------------------------------------------------------------------------------+
; Analysis & Synthesis Source Files Read                                                                                ;
+----------------------------------+-----------------+-----------------+--------------------------------------+---------+
; File Name with User-Entered Path ; Used in Netlist ; File Type       ; File Name with Absolute Path         ; Library ;
+----------------------------------+-----------------+-----------------+--------------------------------------+---------+
; sl2.vhd                          ; yes             ; User VHDL File  ; D:/Git/MIPS-VHDL/vhdl/sl2.vhd        ;         ;
; signext.vhd                      ; yes             ; User VHDL File  ; D:/Git/MIPS-VHDL/vhdl/signext.vhd    ;         ;
; regfile.vhd                      ; yes             ; User VHDL File  ; D:/Git/MIPS-VHDL/vhdl/regfile.vhd    ;         ;
; mux2.vhd                         ; yes             ; User VHDL File  ; D:/Git/MIPS-VHDL/vhdl/mux2.vhd       ;         ;
; mips.vhd                         ; yes             ; User VHDL File  ; D:/Git/MIPS-VHDL/vhdl/mips.vhd       ;         ;
; maindec.vhd                      ; yes             ; User VHDL File  ; D:/Git/MIPS-VHDL/vhdl/maindec.vhd    ;         ;
; flopr.vhd                        ; yes             ; User VHDL File  ; D:/Git/MIPS-VHDL/vhdl/flopr.vhd      ;         ;
; datapath.vhd                     ; yes             ; User VHDL File  ; D:/Git/MIPS-VHDL/vhdl/datapath.vhd   ;         ;
; controller.vhd                   ; yes             ; User VHDL File  ; D:/Git/MIPS-VHDL/vhdl/controller.vhd ;         ;
; aludec.vhd                       ; yes             ; User VHDL File  ; D:/Git/MIPS-VHDL/vhdl/aludec.vhd     ;         ;
; alu.vhd                          ; yes             ; User VHDL File  ; D:/Git/MIPS-VHDL/vhdl/alu.vhd        ;         ;
; adder.vhd                        ; yes             ; User VHDL File  ; D:/Git/MIPS-VHDL/vhdl/adder.vhd      ;         ;
+----------------------------------+-----------------+-----------------+--------------------------------------+---------+


+-----------------------------------------------------------+
; Analysis & Synthesis Resource Usage Summary               ;
+---------------------------------------------+-------------+
; Resource                                    ; Usage       ;
+---------------------------------------------+-------------+
; Estimate of Logic utilization (ALMs needed) ; 1210        ;
;                                             ;             ;
; Combinational ALUT usage for logic          ; 942         ;
;     -- 7 input functions                    ; 575         ;
;     -- 6 input functions                    ; 134         ;
;     -- 5 input functions                    ; 66          ;
;     -- 4 input functions                    ; 106         ;
;     -- <=3 input functions                  ; 61          ;
;                                             ;             ;
; Dedicated logic registers                   ; 1054        ;
;                                             ;             ;
; I/O pins                                    ; 163         ;
;                                             ;             ;
; Total DSP Blocks                            ; 0           ;
;                                             ;             ;
; Maximum fan-out node                        ; i_clk~input ;
; Maximum fan-out                             ; 1054        ;
; Total fan-out                               ; 9179        ;
; Average fan-out                             ; 3.95        ;
+---------------------------------------------+-------------+


+-----------------------------------------------------------------------------------------------------------------------------------------------------------------------------------------------------+
; Analysis & Synthesis Resource Utilization by Entity                                                                                                                                                 ;
+----------------------------+---------------------+---------------------------+-------------------+------------+------+--------------+----------------------------------+-------------+--------------+
; Compilation Hierarchy Node ; Combinational ALUTs ; Dedicated Logic Registers ; Block Memory Bits ; DSP Blocks ; Pins ; Virtual Pins ; Full Hierarchy Name              ; Entity Name ; Library Name ;
+----------------------------+---------------------+---------------------------+-------------------+------------+------+--------------+----------------------------------+-------------+--------------+
; |mips                      ; 942 (0)             ; 1054 (0)                  ; 0                 ; 0          ; 163  ; 0            ; |mips                            ; mips        ; work         ;
;    |controller:cont|       ; 17 (9)              ; 0 (0)                     ; 0                 ; 0          ; 0    ; 0            ; |mips|controller:cont            ; controller  ; work         ;
;       |aludec:ad|          ; 3 (3)               ; 0 (0)                     ; 0                 ; 0          ; 0    ; 0            ; |mips|controller:cont|aludec:ad  ; aludec      ; work         ;
;       |maindec:md|         ; 5 (5)               ; 0 (0)                     ; 0                 ; 0          ; 0    ; 0            ; |mips|controller:cont|maindec:md ; maindec     ; work         ;
;    |datapath:dp|           ; 925 (0)             ; 1054 (0)                  ; 0                 ; 0          ; 0    ; 0            ; |mips|datapath:dp                ; datapath    ; work         ;
;       |adder:pcadd1|       ; 31 (31)             ; 0 (0)                     ; 0                 ; 0          ; 0    ; 0            ; |mips|datapath:dp|adder:pcadd1   ; adder       ; work         ;
;       |adder:pcadd2|       ; 22 (22)             ; 0 (0)                     ; 0                 ; 0          ; 0    ; 0            ; |mips|datapath:dp|adder:pcadd2   ; adder       ; work         ;
;       |alu:mainalu|        ; 108 (108)           ; 0 (0)                     ; 0                 ; 0          ; 0    ; 0            ; |mips|datapath:dp|alu:mainalu    ; alu         ; work         ;
;       |flopr:pcreg|        ; 55 (55)             ; 30 (30)                   ; 0                 ; 0          ; 0    ; 0            ; |mips|datapath:dp|flopr:pcreg    ; flopr       ; work         ;
;       |mux2:resmux|        ; 32 (32)             ; 0 (0)                     ; 0                 ; 0          ; 0    ; 0            ; |mips|datapath:dp|mux2:resmux    ; mux2        ; work         ;
;       |mux2:srcbmux|       ; 32 (32)             ; 0 (0)                     ; 0                 ; 0          ; 0    ; 0            ; |mips|datapath:dp|mux2:srcbmux   ; mux2        ; work         ;
;       |mux2:wrmux|         ; 5 (5)               ; 0 (0)                     ; 0                 ; 0          ; 0    ; 0            ; |mips|datapath:dp|mux2:wrmux     ; mux2        ; work         ;
;       |regfile:rf|         ; 640 (640)           ; 1024 (1024)               ; 0                 ; 0          ; 0    ; 0            ; |mips|datapath:dp|regfile:rf     ; regfile     ; work         ;
+----------------------------+---------------------+---------------------------+-------------------+------------+------+--------------+----------------------------------+-------------+--------------+
Note: For table entries with two numbers listed, the numbers in parentheses indicate the number of resources of the given type used by the specific entity alone. The numbers listed outside of parentheses indicate the total resources of the given type used by the specific entity and all of its sub-entities in the hierarchy.


+------------------------------------------------------------------------------------+
; Registers Removed During Synthesis                                                 ;
+---------------------------------------+--------------------------------------------+
; Register name                         ; Reason for Removal                         ;
+---------------------------------------+--------------------------------------------+
; datapath:dp|flopr:pcreg|o_q[1]        ; Merged with datapath:dp|flopr:pcreg|o_q[0] ;
; datapath:dp|flopr:pcreg|o_q[0]        ; Stuck at GND due to stuck port data_in     ;
; Total Number of Removed Registers = 2 ;                                            ;
+---------------------------------------+--------------------------------------------+


+------------------------------------------------------+
; General Register Statistics                          ;
+----------------------------------------------+-------+
; Statistic                                    ; Value ;
+----------------------------------------------+-------+
; Total registers                              ; 1054  ;
; Number of registers using Synchronous Clear  ; 30    ;
; Number of registers using Synchronous Load   ; 0     ;
; Number of registers using Asynchronous Clear ; 0     ;
; Number of registers using Asynchronous Load  ; 0     ;
; Number of registers using Clock Enable       ; 1024  ;
; Number of registers using Preset             ; 0     ;
+----------------------------------------------+-------+


+-----------------------------------------------------------------------------------------------------------------------------------------------------+
; Multiplexer Restructuring Statistics (Restructuring Performed)                                                                                      ;
+--------------------+-----------+---------------+----------------------+------------------------+------------+---------------------------------------+
; Multiplexer Inputs ; Bus Width ; Baseline Area ; Area if Restructured ; Saving if Restructured ; Registered ; Example Multiplexer Output            ;
+--------------------+-----------+---------------+----------------------+------------------------+------------+---------------------------------------+
; 3:1                ; 4 bits    ; 8 LEs         ; 8 LEs                ; 0 LEs                  ; Yes        ; |mips|datapath:dp|flopr:pcreg|o_q[31] ;
; 4:1                ; 26 bits   ; 52 LEs        ; 52 LEs               ; 0 LEs                  ; Yes        ; |mips|datapath:dp|flopr:pcreg|o_q[2]  ;
; 8:1                ; 31 bits   ; 155 LEs       ; 124 LEs              ; 31 LEs                 ; No         ; |mips|datapath:dp|alu:mainalu|Mux10   ;
+--------------------+-----------+---------------+----------------------+------------------------+------------+---------------------------------------+


+----------------------------------------------------------------------+
; Parameter Settings for User Entity Instance: Top-level Entity: |mips ;
+----------------+-------+---------------------------------------------+
; Parameter Name ; Value ; Type                                        ;
+----------------+-------+---------------------------------------------+
; opcode_c       ; 6     ; Untyped                                     ;
; aluctrl_c      ; 3     ; Untyped                                     ;
; bits_c         ; 32    ; Untyped                                     ;
; ctrl_c         ; 9     ; Untyped                                     ;
; aluop_c        ; 2     ; Untyped                                     ;
; adress_c       ; 16    ; Untyped                                     ;
; reg_c          ; 5     ; Untyped                                     ;
+----------------+-------+---------------------------------------------+
Note: In order to hide this table in the UI and the text report file, please set the "Show Parameter Settings in Synthesis Report" option in "Analysis and Synthesis Settings -> More Settings" to "Off".


+--------------------------------------------------------------+
; Parameter Settings for User Entity Instance: controller:cont ;
+----------------+-------+-------------------------------------+
; Parameter Name ; Value ; Type                                ;
+----------------+-------+-------------------------------------+
; opcode_c       ; 6     ; Signed Integer                      ;
; aluctrl_c      ; 3     ; Signed Integer                      ;
; ctrl_c         ; 9     ; Signed Integer                      ;
; aluop_c        ; 2     ; Signed Integer                      ;
+----------------+-------+-------------------------------------+
Note: In order to hide this table in the UI and the text report file, please set the "Show Parameter Settings in Synthesis Report" option in "Analysis and Synthesis Settings -> More Settings" to "Off".


+-------------------------------------------------------------------------+
; Parameter Settings for User Entity Instance: controller:cont|maindec:md ;
+----------------+-------+------------------------------------------------+
; Parameter Name ; Value ; Type                                           ;
+----------------+-------+------------------------------------------------+
; opcode_c       ; 6     ; Signed Integer                                 ;
; ctrl_c         ; 9     ; Signed Integer                                 ;
; aluop_c        ; 2     ; Signed Integer                                 ;
+----------------+-------+------------------------------------------------+
Note: In order to hide this table in the UI and the text report file, please set the "Show Parameter Settings in Synthesis Report" option in "Analysis and Synthesis Settings -> More Settings" to "Off".


+------------------------------------------------------------------------+
; Parameter Settings for User Entity Instance: controller:cont|aludec:ad ;
+----------------+-------+-----------------------------------------------+
; Parameter Name ; Value ; Type                                          ;
+----------------+-------+-----------------------------------------------+
; opcode_c       ; 6     ; Signed Integer                                ;
; aluctrl_c      ; 3     ; Signed Integer                                ;
; aluop_c        ; 2     ; Signed Integer                                ;
+----------------+-------+-----------------------------------------------+
Note: In order to hide this table in the UI and the text report file, please set the "Show Parameter Settings in Synthesis Report" option in "Analysis and Synthesis Settings -> More Settings" to "Off".


+----------------------------------------------------------+
; Parameter Settings for User Entity Instance: datapath:dp ;
+----------------+-------+---------------------------------+
; Parameter Name ; Value ; Type                            ;
+----------------+-------+---------------------------------+
; bits_c         ; 32    ; Signed Integer                  ;
; aluctrl_c      ; 3     ; Signed Integer                  ;
; adress_c       ; 16    ; Signed Integer                  ;
; reg_c          ; 5     ; Signed Integer                  ;
; opcode_c       ; 6     ; Signed Integer                  ;
+----------------+-------+---------------------------------+
Note: In order to hide this table in the UI and the text report file, please set the "Show Parameter Settings in Synthesis Report" option in "Analysis and Synthesis Settings -> More Settings" to "Off".


+----------------------------------------------------------------------+
; Parameter Settings for User Entity Instance: datapath:dp|flopr:pcreg ;
+----------------+-------+---------------------------------------------+
; Parameter Name ; Value ; Type                                        ;
+----------------+-------+---------------------------------------------+
; width_g        ; 32    ; Signed Integer                              ;
+----------------+-------+---------------------------------------------+
Note: In order to hide this table in the UI and the text report file, please set the "Show Parameter Settings in Synthesis Report" option in "Analysis and Synthesis Settings -> More Settings" to "Off".


+-----------------------------------------------------------------------+
; Parameter Settings for User Entity Instance: datapath:dp|adder:pcadd1 ;
+----------------+-------+----------------------------------------------+
; Parameter Name ; Value ; Type                                         ;
+----------------+-------+----------------------------------------------+
; bits_c         ; 32    ; Signed Integer                               ;
+----------------+-------+----------------------------------------------+
Note: In order to hide this table in the UI and the text report file, please set the "Show Parameter Settings in Synthesis Report" option in "Analysis and Synthesis Settings -> More Settings" to "Off".


+--------------------------------------------------------------------+
; Parameter Settings for User Entity Instance: datapath:dp|sl2:immsh ;
+----------------+-------+-------------------------------------------+
; Parameter Name ; Value ; Type                                      ;
+----------------+-------+-------------------------------------------+
; bits_c         ; 32    ; Signed Integer                            ;
+----------------+-------+-------------------------------------------+
Note: In order to hide this table in the UI and the text report file, please set the "Show Parameter Settings in Synthesis Report" option in "Analysis and Synthesis Settings -> More Settings" to "Off".


+-----------------------------------------------------------------------+
; Parameter Settings for User Entity Instance: datapath:dp|adder:pcadd2 ;
+----------------+-------+----------------------------------------------+
; Parameter Name ; Value ; Type                                         ;
+----------------+-------+----------------------------------------------+
; bits_c         ; 32    ; Signed Integer                               ;
+----------------+-------+----------------------------------------------+
Note: In order to hide this table in the UI and the text report file, please set the "Show Parameter Settings in Synthesis Report" option in "Analysis and Synthesis Settings -> More Settings" to "Off".


+-----------------------------------------------------------------------+
; Parameter Settings for User Entity Instance: datapath:dp|mux2:pcbrmux ;
+----------------+-------+----------------------------------------------+
; Parameter Name ; Value ; Type                                         ;
+----------------+-------+----------------------------------------------+
; width_g        ; 32    ; Signed Integer                               ;
+----------------+-------+----------------------------------------------+
Note: In order to hide this table in the UI and the text report file, please set the "Show Parameter Settings in Synthesis Report" option in "Analysis and Synthesis Settings -> More Settings" to "Off".


+---------------------------------------------------------------------+
; Parameter Settings for User Entity Instance: datapath:dp|mux2:pcmux ;
+----------------+-------+--------------------------------------------+
; Parameter Name ; Value ; Type                                       ;
+----------------+-------+--------------------------------------------+
; width_g        ; 32    ; Signed Integer                             ;
+----------------+-------+--------------------------------------------+
Note: In order to hide this table in the UI and the text report file, please set the "Show Parameter Settings in Synthesis Report" option in "Analysis and Synthesis Settings -> More Settings" to "Off".


+---------------------------------------------------------------------+
; Parameter Settings for User Entity Instance: datapath:dp|regfile:rf ;
+----------------+-------+--------------------------------------------+
; Parameter Name ; Value ; Type                                       ;
+----------------+-------+--------------------------------------------+
; bits_c         ; 32    ; Signed Integer                             ;
; reg_c          ; 5     ; Signed Integer                             ;
+----------------+-------+--------------------------------------------+
Note: In order to hide this table in the UI and the text report file, please set the "Show Parameter Settings in Synthesis Report" option in "Analysis and Synthesis Settings -> More Settings" to "Off".


+---------------------------------------------------------------------+
; Parameter Settings for User Entity Instance: datapath:dp|mux2:wrmux ;
+----------------+-------+--------------------------------------------+
; Parameter Name ; Value ; Type                                       ;
+----------------+-------+--------------------------------------------+
; width_g        ; 5     ; Signed Integer                             ;
+----------------+-------+--------------------------------------------+
Note: In order to hide this table in the UI and the text report file, please set the "Show Parameter Settings in Synthesis Report" option in "Analysis and Synthesis Settings -> More Settings" to "Off".


+----------------------------------------------------------------------+
; Parameter Settings for User Entity Instance: datapath:dp|mux2:resmux ;
+----------------+-------+---------------------------------------------+
; Parameter Name ; Value ; Type                                        ;
+----------------+-------+---------------------------------------------+
; width_g        ; 32    ; Signed Integer                              ;
+----------------+-------+---------------------------------------------+
Note: In order to hide this table in the UI and the text report file, please set the "Show Parameter Settings in Synthesis Report" option in "Analysis and Synthesis Settings -> More Settings" to "Off".


+---------------------------------------------------------------------+
; Parameter Settings for User Entity Instance: datapath:dp|signext:se ;
+----------------+-------+--------------------------------------------+
; Parameter Name ; Value ; Type                                       ;
+----------------+-------+--------------------------------------------+
; bits_c         ; 32    ; Signed Integer                             ;
; adress_c       ; 16    ; Signed Integer                             ;
+----------------+-------+--------------------------------------------+
Note: In order to hide this table in the UI and the text report file, please set the "Show Parameter Settings in Synthesis Report" option in "Analysis and Synthesis Settings -> More Settings" to "Off".


+-----------------------------------------------------------------------+
; Parameter Settings for User Entity Instance: datapath:dp|mux2:srcbmux ;
+----------------+-------+----------------------------------------------+
; Parameter Name ; Value ; Type                                         ;
+----------------+-------+----------------------------------------------+
; width_g        ; 32    ; Signed Integer                               ;
+----------------+-------+----------------------------------------------+
Note: In order to hide this table in the UI and the text report file, please set the "Show Parameter Settings in Synthesis Report" option in "Analysis and Synthesis Settings -> More Settings" to "Off".


+----------------------------------------------------------------------+
; Parameter Settings for User Entity Instance: datapath:dp|alu:mainalu ;
+----------------+-------+---------------------------------------------+
; Parameter Name ; Value ; Type                                        ;
+----------------+-------+---------------------------------------------+
; bits_c         ; 32    ; Signed Integer                              ;
; aluctrl_c      ; 3     ; Signed Integer                              ;
+----------------+-------+---------------------------------------------+
Note: In order to hide this table in the UI and the text report file, please set the "Show Parameter Settings in Synthesis Report" option in "Analysis and Synthesis Settings -> More Settings" to "Off".


+----------------------------------------------------+
; Port Connectivity Checks: "datapath:dp|mux2:pcmux" ;
+------------+-------+----------+--------------------+
; Port       ; Type  ; Severity ; Details            ;
+------------+-------+----------+--------------------+
; i_d1[1..0] ; Input ; Info     ; Stuck at GND       ;
+------------+-------+----------+--------------------+


+------------------------------------------------------+
; Port Connectivity Checks: "datapath:dp|adder:pcadd1" ;
+------------+-------+----------+----------------------+
; Port       ; Type  ; Severity ; Details              ;
+------------+-------+----------+----------------------+
; i_b[31..3] ; Input ; Info     ; Stuck at GND         ;
; i_b[1..0]  ; Input ; Info     ; Stuck at GND         ;
; i_b[2]     ; Input ; Info     ; Stuck at VCC         ;
+------------+-------+----------+----------------------+


+-----------------------------------------------------+
; Post-Synthesis Netlist Statistics for Top Partition ;
+-----------------------+-----------------------------+
; Type                  ; Count                       ;
+-----------------------+-----------------------------+
; arriav_ff             ; 1054                        ;
;     ENA               ; 1024                        ;
;     SCLR              ; 30                          ;
; arriav_lcell_comb     ; 943                         ;
;     arith             ; 33                          ;
;         3 data inputs ; 1                           ;
;         5 data inputs ; 32                          ;
;     extend            ; 575                         ;
;         7 data inputs ; 575                         ;
;     normal            ; 335                         ;
;         0 data inputs ; 1                           ;
;         2 data inputs ; 39                          ;
;         3 data inputs ; 21                          ;
;         4 data inputs ; 106                         ;
;         5 data inputs ; 34                          ;
;         6 data inputs ; 134                         ;
; boundary_port         ; 163                         ;
;                       ;                             ;
; Max LUT depth         ; 13.00                       ;
; Average LUT depth     ; 10.33                       ;
+-----------------------+-----------------------------+


+-------------------------------+
; Elapsed Time Per Partition    ;
+----------------+--------------+
; Partition Name ; Elapsed Time ;
+----------------+--------------+
; Top            ; 00:00:06     ;
+----------------+--------------+


+-------------------------------+
; Analysis & Synthesis Messages ;
+-------------------------------+
Info: *******************************************************************
Info: Running Quartus Prime Analysis & Synthesis
    Info: Version 17.0.0 Build 595 04/25/2017 SJ Lite Edition
    Info: Processing started: Mon Jun 12 21:51:37 2017
Info: Command: quartus_map --read_settings_files=on --write_settings_files=off MIPS -c MIPS
Warning (18236): Number of processors has not been specified which may cause overloading on shared machines.  Set the global assignment NUM_PARALLEL_PROCESSORS in your QSF to an appropriate value for best performance.
Info (20030): Parallel compilation is enabled and will use 2 of the 2 processors detected
Info (12021): Found 2 design units, including 1 entities, in source file sl2.vhd
    Info (12022): Found design unit 1: sl2-behave File: D:/Git/MIPS-VHDL/vhdl/sl2.vhd Line: 17
    Info (12023): Found entity 1: sl2 File: D:/Git/MIPS-VHDL/vhdl/sl2.vhd Line: 7
Info (12021): Found 2 design units, including 1 entities, in source file signext.vhd
    Info (12022): Found design unit 1: signext-behave File: D:/Git/MIPS-VHDL/vhdl/signext.vhd Line: 17
    Info (12023): Found entity 1: signext File: D:/Git/MIPS-VHDL/vhdl/signext.vhd Line: 5
Info (12021): Found 2 design units, including 1 entities, in source file regfile.vhd
    Info (12022): Found design unit 1: regfile-behave File: D:/Git/MIPS-VHDL/vhdl/regfile.vhd Line: 22
    Info (12023): Found entity 1: regfile File: D:/Git/MIPS-VHDL/vhdl/regfile.vhd Line: 5
Info (12021): Found 2 design units, including 1 entities, in source file mux2.vhd
    Info (12022): Found design unit 1: mux2-behave File: D:/Git/MIPS-VHDL/vhdl/mux2.vhd Line: 16
    Info (12023): Found entity 1: mux2 File: D:/Git/MIPS-VHDL/vhdl/mux2.vhd Line: 5
Info (12021): Found 2 design units, including 1 entities, in source file mips.vhd
    Info (12022): Found design unit 1: mips-struct File: D:/Git/MIPS-VHDL/vhdl/mips.vhd Line: 27
    Info (12023): Found entity 1: mips File: D:/Git/MIPS-VHDL/vhdl/mips.vhd Line: 5
Info (12021): Found 2 design units, including 1 entities, in source file maindec.vhd
    Info (12022): Found design unit 1: maindec-behave File: D:/Git/MIPS-VHDL/vhdl/maindec.vhd Line: 24
    Info (12023): Found entity 1: maindec File: D:/Git/MIPS-VHDL/vhdl/maindec.vhd Line: 5
Info (12021): Found 2 design units, including 1 entities, in source file flopr.vhd
    Info (12022): Found design unit 1: flopr-synchronous File: D:/Git/MIPS-VHDL/vhdl/flopr.vhd Line: 18
    Info (12023): Found entity 1: flopr File: D:/Git/MIPS-VHDL/vhdl/flopr.vhd Line: 5
Info (12021): Found 2 design units, including 1 entities, in source file datapath.vhd
    Info (12022): Found design unit 1: datapath-struct File: D:/Git/MIPS-VHDL/vhdl/datapath.vhd Line: 26
    Info (12023): Found entity 1: datapath File: D:/Git/MIPS-VHDL/vhdl/datapath.vhd Line: 5
Info (12021): Found 2 design units, including 1 entities, in source file controller.vhd
    Info (12022): Found design unit 1: controller-struct File: D:/Git/MIPS-VHDL/vhdl/controller.vhd Line: 24
    Info (12023): Found entity 1: controller File: D:/Git/MIPS-VHDL/vhdl/controller.vhd Line: 5
Info (12021): Found 2 design units, including 1 entities, in source file aludec.vhd
    Info (12022): Found design unit 1: aludec-behave File: D:/Git/MIPS-VHDL/vhdl/aludec.vhd Line: 21
    Info (12023): Found entity 1: aludec File: D:/Git/MIPS-VHDL/vhdl/aludec.vhd Line: 5
Info (12021): Found 2 design units, including 1 entities, in source file alu.vhd
    Info (12022): Found design unit 1: alu-behave File: D:/Git/MIPS-VHDL/vhdl/alu.vhd Line: 21
    Info (12023): Found entity 1: alu File: D:/Git/MIPS-VHDL/vhdl/alu.vhd Line: 5
Info (12021): Found 2 design units, including 1 entities, in source file adder.vhd
    Info (12022): Found design unit 1: adder-behave File: D:/Git/MIPS-VHDL/vhdl/adder.vhd Line: 16
    Info (12023): Found entity 1: adder File: D:/Git/MIPS-VHDL/vhdl/adder.vhd Line: 4
Info (12127): Elaborating entity "mips" for the top level hierarchy
Info (12128): Elaborating entity "controller" for hierarchy "controller:cont" File: D:/Git/MIPS-VHDL/vhdl/mips.vhd Line: 76
Info (12128): Elaborating entity "maindec" for hierarchy "controller:cont|maindec:md" File: D:/Git/MIPS-VHDL/vhdl/controller.vhd Line: 60
Info (12128): Elaborating entity "aludec" for hierarchy "controller:cont|aludec:ad" File: D:/Git/MIPS-VHDL/vhdl/controller.vhd Line: 68
Info (12128): Elaborating entity "datapath" for hierarchy "datapath:dp" File: D:/Git/MIPS-VHDL/vhdl/mips.vhd Line: 84
Info (12128): Elaborating entity "flopr" for hierarchy "datapath:dp|flopr:pcreg" File: D:/Git/MIPS-VHDL/vhdl/datapath.vhd Line: 127
Info (12128): Elaborating entity "adder" for hierarchy "datapath:dp|adder:pcadd1" File: D:/Git/MIPS-VHDL/vhdl/datapath.vhd Line: 130
Info (12128): Elaborating entity "sl2" for hierarchy "datapath:dp|sl2:immsh" File: D:/Git/MIPS-VHDL/vhdl/datapath.vhd Line: 133
Info (12128): Elaborating entity "mux2" for hierarchy "datapath:dp|mux2:pcbrmux" File: D:/Git/MIPS-VHDL/vhdl/datapath.vhd Line: 139
Info (12128): Elaborating entity "regfile" for hierarchy "datapath:dp|regfile:rf" File: D:/Git/MIPS-VHDL/vhdl/datapath.vhd Line: 146
Info (12128): Elaborating entity "mux2" for hierarchy "datapath:dp|mux2:wrmux" File: D:/Git/MIPS-VHDL/vhdl/datapath.vhd Line: 150
Info (12128): Elaborating entity "signext" for hierarchy "datapath:dp|signext:se" File: D:/Git/MIPS-VHDL/vhdl/datapath.vhd Line: 156
Info (12128): Elaborating entity "alu" for hierarchy "datapath:dp|alu:mainalu" File: D:/Git/MIPS-VHDL/vhdl/datapath.vhd Line: 163
Info (276014): Found 1 instances of uninferred RAM logic
    Info (276007): RAM logic "datapath:dp|regfile:rf|mem_s" is uninferred due to asynchronous read logic File: D:/Git/MIPS-VHDL/vhdl/regfile.vhd Line: 25
Warning (13024): Output pins are stuck at VCC or GND
    Warning (13410): Pin "o_pc[0]" is stuck at GND File: D:/Git/MIPS-VHDL/vhdl/mips.vhd Line: 19
    Warning (13410): Pin "o_pc[1]" is stuck at GND File: D:/Git/MIPS-VHDL/vhdl/mips.vhd Line: 19
Info (286030): Timing-Driven Synthesis is running
Info (16010): Generating hard_block partition "hard_block:auto_generated_inst"
    Info (16011): Adding 0 node(s), including 0 DDIO, 0 PLL, 0 transceiver and 0 LCELL
Warning (21074): Design contains 2 input pin(s) that do not drive logic
    Warning (15610): No output dependent on input pin "i_instr[26]" File: D:/Git/MIPS-VHDL/vhdl/mips.vhd Line: 20
    Warning (15610): No output dependent on input pin "i_instr[30]" File: D:/Git/MIPS-VHDL/vhdl/mips.vhd Line: 20
Info (21057): Implemented 2129 device resources after synthesis - the final resource count might be different
    Info (21058): Implemented 66 input pins
    Info (21059): Implemented 97 output pins
    Info (21061): Implemented 1966 logic cells
Info: Quartus Prime Analysis & Synthesis was successful. 0 errors, 7 warnings
    Info: Peak virtual memory: 731 megabytes
    Info: Processing ended: Mon Jun 12 21:52:06 2017
    Info: Elapsed time: 00:00:29
    Info: Total CPU time (on all processors): 00:00:50


